[2021-03-14 17:49:40,896] INFO Scraping started...
[2021-03-14 17:49:43,892] INFO Page 1 scraped
[2021-03-14 17:49:45,082] INFO Page 2 scraped
[2021-03-14 17:49:46,431] INFO Page 3 scraped
[2021-03-14 17:49:46,846] INFO Page 4 scraped
[2021-03-14 17:49:53,255] INFO Page 5 scraped
[2021-03-14 17:49:56,837] INFO Page 6 scraped
[2021-03-14 17:49:58,748] INFO Page 7 scraped
[2021-03-14 17:50:00,272] INFO Page 8 scraped
[2021-03-14 17:50:01,972] INFO Page 9 scraped
[2021-03-14 17:50:02,904] INFO Page 10 scraped
[2021-03-14 17:50:03,423] INFO Page 11 scraped
[2021-03-14 17:50:03,578] INFO Page 12 scraped
[2021-03-14 17:50:03,590] INFO Page 13 scraped
[2021-03-14 17:50:03,733] INFO Page 14 scraped
[2021-03-14 17:50:03,766] INFO Page 15 scraped
[2021-03-14 17:50:03,833] INFO Page 16 scraped
[2021-03-14 17:50:04,311] INFO Page 17 scraped
[2021-03-14 17:50:04,374] INFO Page 18 scraped
[2021-03-14 17:50:04,375] INFO Page 19 scraped
[2021-03-14 17:50:04,431] INFO Page 20 scraped
[2021-03-14 17:50:05,321] INFO Page 21 scraped
[2021-03-14 17:50:05,715] INFO Page 22 scraped
[2021-03-14 17:50:06,258] INFO Page 23 scraped
[2021-03-14 17:50:06,342] INFO Page 24 scraped
[2021-03-14 17:50:06,555] INFO Page 25 scraped
[2021-03-14 17:50:07,454] INFO Page 26 scraped
[2021-03-14 17:50:07,581] INFO Page 27 scraped
[2021-03-14 17:50:08,219] INFO Page 28 scraped
[2021-03-14 17:50:08,466] INFO Page 29 scraped
[2021-03-14 17:50:08,728] INFO Page 30 scraped
[2021-03-14 17:50:08,903] INFO Page 31 scraped
[2021-03-14 17:50:09,404] INFO Page 32 scraped
[2021-03-14 17:50:09,876] INFO Page 33 scraped
[2021-03-14 17:50:10,182] INFO Page 34 scraped
[2021-03-14 17:50:10,235] INFO Page 35 scraped
[2021-03-14 17:50:11,418] INFO Page 36 scraped
[2021-03-14 17:50:15,413] INFO Page 37 scraped
[2021-03-14 17:50:15,591] INFO Page 38 scraped
[2021-03-14 17:50:17,518] INFO Page 39 scraped
[2021-03-14 17:50:19,665] INFO Page 40 scraped
[2021-03-14 17:50:22,922] INFO Page 41 scraped
[2021-03-14 17:50:23,403] INFO Page 42 scraped
[2021-03-14 17:50:23,717] INFO Page 43 scraped
[2021-03-14 17:50:24,487] INFO Page 44 scraped
[2021-03-14 17:50:28,681] INFO Page 45 scraped
[2021-03-14 17:50:30,645] INFO Page 46 scraped
[2021-03-14 17:50:30,756] INFO Page 47 scraped
[2021-03-14 17:50:32,890] INFO Page 48 scraped
[2021-03-14 17:50:33,337] INFO Page 49 scraped
[2021-03-14 17:50:33,723] INFO Page 50 scraped
[2021-03-14 17:50:34,171] INFO Page 51 scraped
[2021-03-14 17:50:34,945] INFO Page 52 scraped
[2021-03-14 17:50:35,631] INFO Page 53 scraped
[2021-03-14 17:50:35,661] INFO Page 54 scraped
[2021-03-14 17:50:35,741] INFO Page 55 scraped
[2021-03-14 17:50:35,906] INFO Page 56 scraped
[2021-03-14 17:50:36,832] INFO Page 57 scraped
[2021-03-14 17:50:37,072] INFO Page 58 scraped
[2021-03-14 17:50:37,248] INFO Page 59 scraped
[2021-03-14 17:50:38,277] INFO Page 60 scraped
[2021-03-14 17:50:38,432] INFO Page 61 scraped
[2021-03-14 17:50:39,161] INFO Page 62 scraped
[2021-03-14 17:50:39,756] INFO Page 63 scraped
[2021-03-14 17:50:40,220] INFO Page 64 scraped
[2021-03-14 17:50:41,383] INFO Page 65 scraped
[2021-03-14 17:50:42,780] INFO Page 66 scraped
[2021-03-14 17:50:43,030] INFO Page 67 scraped
[2021-03-14 17:50:44,438] INFO Page 68 scraped
[2021-03-14 17:50:44,651] INFO Page 69 scraped
[2021-03-14 17:50:44,681] INFO Page 70 scraped
[2021-03-14 17:50:45,206] INFO Page 71 scraped
[2021-03-14 17:50:46,071] INFO Page 72 scraped
[2021-03-14 17:50:48,474] INFO Page 73 scraped
[2021-03-14 17:50:49,357] WARNING Some characters could not be decoded, and were replaced with REPLACEMENT CHARACTER.
[2021-03-14 17:50:49,841] INFO Page 74 scraped
[2021-03-14 17:50:50,512] INFO Page 75 scraped
[2021-03-14 17:50:50,664] INFO Page 76 scraped
[2021-03-14 17:50:53,028] INFO Page 77 scraped
[2021-03-14 17:50:56,014] INFO Page 78 scraped
[2021-03-14 17:50:56,709] INFO Page 79 scraped
[2021-03-14 17:50:57,538] INFO Page 80 scraped
[2021-03-14 17:50:58,030] INFO Page 81 scraped
[2021-03-14 17:51:01,628] INFO Page 82 scraped
[2021-03-14 17:51:01,675] INFO Page 83 scraped
[2021-03-14 17:51:01,820] INFO Page 84 scraped
[2021-03-14 17:51:01,881] INFO Page 85 scraped
[2021-03-14 17:51:01,884] INFO Page 86 scraped
[2021-03-14 17:51:02,014] INFO Page 87 scraped
[2021-03-14 17:51:02,280] INFO Page 88 scraped
[2021-03-14 17:51:02,351] INFO Page 89 scraped
[2021-03-14 17:51:02,874] INFO Page 90 scraped
[2021-03-14 17:51:03,750] INFO Page 91 scraped
[2021-03-14 17:51:04,051] INFO Page 92 scraped
[2021-03-14 17:51:04,330] INFO Page 93 scraped
[2021-03-14 17:51:05,098] INFO Page 94 scraped
[2021-03-14 17:51:05,559] INFO Page 95 scraped
[2021-03-14 17:51:06,601] INFO Page 96 scraped
[2021-03-14 17:51:08,967] INFO Page 97 scraped
[2021-03-14 17:51:10,324] INFO Page 98 scraped
[2021-03-14 17:51:10,767] INFO Page 99 scraped
[2021-03-14 17:51:11,796] INFO Page 100 scraped
[2021-03-14 17:51:12,561] INFO Page 101 scraped
[2021-03-14 17:51:12,625] INFO Page 102 scraped
[2021-03-14 17:51:12,847] INFO Page 103 scraped
[2021-03-14 17:51:13,006] INFO Page 104 scraped
[2021-03-14 17:51:13,668] WARNING Some characters could not be decoded, and were replaced with REPLACEMENT CHARACTER.
[2021-03-14 17:51:14,412] INFO Page 105 scraped
[2021-03-14 17:51:16,561] INFO Page 106 scraped
[2021-03-14 17:51:22,909] INFO Page 107 scraped
[2021-03-14 17:51:23,811] INFO Page 108 scraped
[2021-03-14 17:51:23,821] INFO Page 109 scraped
[2021-03-14 17:51:25,070] INFO Page 110 scraped
[2021-03-14 17:51:25,261] INFO Page 111 scraped
[2021-03-14 17:51:26,141] INFO Page 112 scraped
[2021-03-14 17:51:26,387] INFO Page 113 scraped
[2021-03-14 17:51:26,573] INFO Page 114 scraped
[2021-03-14 17:51:27,306] INFO Page 115 scraped
[2021-03-14 17:51:27,335] INFO Page 116 scraped
[2021-03-14 17:51:27,631] INFO Page 117 scraped
[2021-03-14 17:51:28,604] INFO Page 118 scraped
[2021-03-14 17:51:28,899] INFO Page 119 scraped
[2021-03-14 17:51:28,935] INFO Page 120 scraped
[2021-03-14 17:51:30,279] INFO Page 121 scraped
[2021-03-14 17:51:30,445] INFO Page 122 scraped
[2021-03-14 17:51:31,801] INFO Page 123 scraped
[2021-03-14 17:51:33,126] INFO Page 124 scraped
[2021-03-14 17:51:35,579] INFO Page 125 scraped
[2021-03-14 17:51:37,572] INFO Page 126 scraped
[2021-03-14 17:51:38,292] INFO Page 127 scraped
[2021-03-14 17:51:38,408] INFO Page 128 scraped
[2021-03-14 17:51:38,553] INFO Page 129 scraped
[2021-03-14 17:51:40,052] INFO Page 130 scraped
[2021-03-14 17:51:40,482] INFO Page 131 scraped
[2021-03-14 17:51:40,794] INFO Page 132 scraped
[2021-03-14 17:51:41,892] INFO Page 133 scraped
[2021-03-14 17:51:42,245] INFO Page 134 scraped
[2021-03-14 17:51:44,808] INFO Page 135 scraped
[2021-03-14 17:51:45,114] INFO Page 136 scraped
[2021-03-14 17:51:46,733] INFO Page 137 scraped
[2021-03-14 17:51:47,614] INFO Page 138 scraped
[2021-03-14 17:51:51,812] INFO Page 139 scraped
[2021-03-14 17:51:52,961] INFO Page 140 scraped
[2021-03-14 17:51:53,586] INFO Page 141 scraped
[2021-03-14 17:51:53,646] INFO Page 142 scraped
[2021-03-14 17:51:54,649] INFO Page 143 scraped
[2021-03-14 17:51:55,468] INFO Page 144 scraped
[2021-03-14 17:51:57,597] INFO Page 145 scraped
[2021-03-14 17:51:58,237] INFO Page 146 scraped
[2021-03-14 17:51:58,999] INFO Page 147 scraped
[2021-03-14 17:52:00,101] INFO Page 148 scraped
[2021-03-14 17:52:02,064] INFO Page 149 scraped
[2021-03-14 17:52:02,518] INFO Page 150 scraped
[2021-03-14 17:52:03,272] INFO Page 151 scraped
[2021-03-14 17:52:04,392] INFO Page 152 scraped
[2021-03-14 17:52:06,180] INFO Page 153 scraped
[2021-03-14 17:52:06,748] INFO Page 154 scraped
[2021-03-14 17:52:07,753] INFO Page 155 scraped
[2021-03-14 17:52:08,864] INFO Page 156 scraped
[2021-03-14 17:52:09,018] INFO Page 157 scraped
[2021-03-14 17:52:09,483] INFO Page 158 scraped
[2021-03-14 17:52:09,510] INFO Page 159 scraped
[2021-03-14 17:52:09,836] INFO Page 160 scraped
[2021-03-14 17:52:10,098] INFO Page 161 scraped
[2021-03-14 17:52:11,008] INFO Page 162 scraped
[2021-03-14 17:52:11,223] INFO Page 163 scraped
[2021-03-14 17:52:11,410] INFO Page 164 scraped
[2021-03-14 17:52:12,391] INFO Page 165 scraped
[2021-03-14 17:52:12,759] INFO Page 166 scraped
[2021-03-14 17:52:15,181] WARNING Some characters could not be decoded, and were replaced with REPLACEMENT CHARACTER.
[2021-03-14 17:52:15,792] INFO Page 167 scraped
[2021-03-14 17:52:16,864] INFO Page 168 scraped
[2021-03-14 17:52:18,177] INFO Page 169 scraped
[2021-03-14 17:52:19,003] INFO Page 170 scraped
[2021-03-14 17:52:19,507] INFO Page 171 scraped
[2021-03-14 17:52:20,425] INFO Page 172 scraped
[2021-03-14 17:52:20,753] INFO Page 173 scraped
[2021-03-14 17:52:22,587] INFO Page 174 scraped
[2021-03-14 17:52:24,424] INFO Page 175 scraped
[2021-03-14 17:52:24,453] INFO Page 176 scraped
[2021-03-14 17:52:25,237] INFO Page 177 scraped
[2021-03-14 17:52:26,768] INFO Page 178 scraped
[2021-03-14 17:52:26,940] INFO Page 179 scraped
[2021-03-14 17:52:27,375] INFO Page 180 scraped
[2021-03-14 17:52:32,827] INFO Page 181 scraped
[2021-03-14 17:52:33,357] INFO Page 182 scraped
[2021-03-14 17:52:34,391] INFO Page 183 scraped
[2021-03-14 17:52:34,421] INFO Page 184 scraped
[2021-03-14 17:52:35,546] INFO Page 185 scraped
[2021-03-14 17:52:35,770] INFO Page 186 scraped
[2021-03-14 17:52:36,009] INFO Page 187 scraped
[2021-03-14 17:52:37,211] INFO Page 188 scraped
[2021-03-14 17:52:37,291] INFO Page 189 scraped
[2021-03-14 17:52:37,295] INFO Page 190 scraped
[2021-03-14 17:52:38,440] INFO Page 191 scraped
[2021-03-14 17:52:40,122] INFO Page 192 scraped
[2021-03-14 17:52:40,438] INFO Page 193 scraped
[2021-03-14 17:52:41,933] INFO Page 194 scraped
[2021-03-14 17:52:43,402] INFO Page 195 scraped
[2021-03-14 17:52:43,492] INFO Page 196 scraped
[2021-03-14 17:52:43,991] INFO Page 197 scraped
[2021-03-14 17:52:44,636] INFO Page 198 scraped
[2021-03-14 17:52:45,890] INFO Page 199 scraped
[2021-03-14 17:52:46,780] INFO Page 200 scraped
[2021-03-14 17:52:46,977] INFO Page 201 scraped
[2021-03-14 17:52:47,317] INFO Page 202 scraped
[2021-03-14 17:52:47,863] INFO Page 203 scraped
[2021-03-14 17:52:49,524] INFO Page 204 scraped
[2021-03-14 17:52:49,659] INFO Page 205 scraped
[2021-03-14 17:52:50,221] INFO Page 206 scraped
[2021-03-14 17:52:50,670] INFO Page 207 scraped
[2021-03-14 17:52:54,313] INFO Page 208 scraped
[2021-03-14 17:52:56,813] INFO Page 209 scraped
[2021-03-14 17:52:59,036] INFO Page 210 scraped
[2021-03-14 17:53:00,900] INFO Page 211 scraped
[2021-03-14 17:53:02,944] INFO Page 212 scraped
[2021-03-14 17:53:04,132] INFO Page 213 scraped
[2021-03-14 17:53:04,153] INFO Page 214 scraped
[2021-03-14 17:53:05,717] INFO Page 215 scraped
[2021-03-14 17:53:07,043] INFO Page 216 scraped
[2021-03-14 17:53:07,050] INFO Page 217 scraped
[2021-03-14 17:53:07,545] INFO Page 218 scraped
[2021-03-14 17:53:08,524] INFO Page 219 scraped
[2021-03-14 17:53:09,138] INFO Page 220 scraped
[2021-03-14 17:53:09,699] INFO Page 221 scraped
[2021-03-14 17:53:09,831] WARNING Some characters could not be decoded, and were replaced with REPLACEMENT CHARACTER.
[2021-03-14 17:53:12,644] INFO Page 222 scraped
[2021-03-14 17:53:13,204] INFO Page 223 scraped
[2021-03-14 17:53:13,549] INFO Page 224 scraped
[2021-03-14 17:53:14,750] INFO Page 225 scraped
[2021-03-14 17:53:14,750] INFO Page 226 scraped
[2021-03-14 17:53:16,656] INFO Page 227 scraped
[2021-03-14 17:53:16,921] INFO Page 228 scraped
[2021-03-14 17:53:17,603] INFO Page 229 scraped
[2021-03-14 17:53:17,912] INFO Page 230 scraped
[2021-03-14 17:53:17,967] INFO Page 231 scraped
[2021-03-14 17:53:18,216] INFO Page 232 scraped
[2021-03-14 17:53:19,470] INFO Page 233 scraped
[2021-03-14 17:53:19,514] INFO Page 234 scraped
[2021-03-14 17:53:20,439] INFO Page 235 scraped
[2021-03-14 17:53:20,506] INFO Page 236 scraped
[2021-03-14 17:53:20,543] INFO Page 237 scraped
[2021-03-14 17:53:20,582] INFO Page 238 scraped
[2021-03-14 17:53:20,924] INFO Page 239 scraped
[2021-03-14 17:53:24,495] INFO Page 240 scraped
[2021-03-14 17:53:26,845] INFO Page 241 scraped
[2021-03-14 17:53:27,381] INFO Page 242 scraped
[2021-03-14 17:53:27,467] INFO Page 243 scraped
[2021-03-14 17:53:27,891] INFO Page 244 scraped
[2021-03-14 17:53:29,969] INFO Page 245 scraped
[2021-03-14 17:53:30,695] INFO Page 246 scraped
[2021-03-14 17:53:30,776] INFO Page 247 scraped
[2021-03-14 17:53:31,080] INFO Page 248 scraped
[2021-03-14 17:53:31,122] INFO Page 249 scraped
[2021-03-14 17:53:32,628] INFO Page 250 scraped
[2021-03-14 17:53:38,386] INFO Page 251 scraped
[2021-03-14 17:53:40,052] INFO Page 252 scraped
[2021-03-14 17:53:41,891] INFO Page 253 scraped
[2021-03-14 17:53:43,106] INFO Page 254 scraped
[2021-03-14 17:53:43,954] WARNING Some characters could not be decoded, and were replaced with REPLACEMENT CHARACTER.
[2021-03-14 17:53:44,208] INFO Page 255 scraped
[2021-03-14 17:53:45,128] INFO Page 256 scraped
[2021-03-14 17:53:45,206] INFO Page 257 scraped
[2021-03-14 17:53:46,127] INFO Page 258 scraped
[2021-03-14 17:53:48,272] INFO Page 259 scraped
[2021-03-14 17:53:50,304] INFO Page 260 scraped
[2021-03-14 17:53:50,400] INFO Page 261 scraped
[2021-03-14 17:53:52,670] INFO Page 262 scraped
[2021-03-14 17:53:52,730] INFO Page 263 scraped
[2021-03-14 17:53:53,302] INFO Page 264 scraped
[2021-03-14 17:53:53,523] INFO Page 265 scraped
[2021-03-14 17:53:53,598] INFO Page 266 scraped
[2021-03-14 17:53:53,604] INFO Page 267 scraped
[2021-03-14 17:53:54,117] INFO Page 268 scraped
[2021-03-14 17:53:54,353] INFO Page 269 scraped
[2021-03-14 17:53:54,941] INFO Page 270 scraped
[2021-03-14 17:53:55,346] INFO Page 271 scraped
[2021-03-14 17:53:56,579] INFO Page 272 scraped
[2021-03-14 17:53:57,264] INFO Page 273 scraped
[2021-03-14 17:53:57,738] INFO Page 274 scraped
[2021-03-14 17:53:58,395] INFO Page 275 scraped
[2021-03-14 17:53:58,733] INFO Page 276 scraped
[2021-03-14 17:53:58,824] INFO Page 277 scraped
[2021-03-14 17:54:00,877] INFO Page 278 scraped
[2021-03-14 17:54:01,492] INFO Page 279 scraped
[2021-03-14 17:54:02,115] INFO Page 280 scraped
[2021-03-14 17:54:03,743] INFO Page 281 scraped
[2021-03-14 17:54:03,769] INFO Page 282 scraped
[2021-03-14 17:54:03,854] INFO Page 283 scraped
[2021-03-14 17:54:04,315] INFO Page 284 scraped
[2021-03-14 17:54:06,019] INFO Page 285 scraped
[2021-03-14 17:54:07,291] INFO Page 286 scraped
[2021-03-14 17:54:07,376] INFO Page 287 scraped
[2021-03-14 17:54:07,584] INFO Page 288 scraped
[2021-03-14 17:54:07,948] INFO Page 289 scraped
[2021-03-14 17:54:08,140] INFO Page 290 scraped
[2021-03-14 17:54:09,622] INFO Page 291 scraped
[2021-03-14 17:54:09,875] INFO Page 292 scraped
[2021-03-14 17:54:10,238] INFO Page 293 scraped
[2021-03-14 17:54:14,179] INFO Page 294 scraped
[2021-03-14 17:54:18,851] INFO Page 295 scraped
[2021-03-14 17:54:19,277] INFO Page 296 scraped
[2021-03-14 17:54:20,073] INFO Page 297 scraped
[2021-03-14 17:54:32,078] INFO Page 298 scraped
[2021-03-14 17:54:35,930] INFO Page 299 scraped
[2021-03-14 17:54:41,746] INFO Page 300 scraped
[2021-03-14 17:54:55,029] INFO Page 301 scraped
[2021-03-14 17:55:01,031] INFO Scraping finished.
[2021-03-14 17:55:01,031] INFO Generating CSV file...
[2021-03-14 17:55:01,420] INFO CSV File is generated.
